{"timestamp":"2025-11-10T21:33:59+05:30","action":"connector.tested","user":{"id":1,"name":"Vishesh"},"context":{"connector":"googleAds","result":"fail"}}
{"timestamp":"2025-11-10T21:34:57+05:30","action":"creative.text","user":{"id":1,"name":"Vishesh"},"context":{"category":"Captions"}}
{"timestamp":"2025-11-10T21:35:39+05:30","action":"connector.connected","user":{"id":1,"name":"Vishesh"},"context":{"connector":"meta"}}
{"timestamp":"2025-11-10T21:35:42+05:30","action":"connector.tested","user":{"id":1,"name":"Vishesh"},"context":{"connector":"meta","result":"ok"}}
{"timestamp":"2025-11-10T21:35:50+05:30","action":"connector.connected","user":{"id":1,"name":"Vishesh"},"context":{"connector":"youtube"}}
{"timestamp":"2025-11-10T21:35:51+05:30","action":"connector.tested","user":{"id":1,"name":"Vishesh"},"context":{"connector":"youtube","result":"ok"}}
{"timestamp":"2025-11-10T21:35:58+05:30","action":"connector.connected","user":{"id":1,"name":"Vishesh"},"context":{"connector":"whatsapp"}}
{"timestamp":"2025-11-11T08:50:16+05:30","action":"connector.tested","user":{"id":1,"name":"Vishesh"},"context":{"connector":"googleAds","result":"fail"}}
{"timestamp":"2025-11-11T08:54:24+05:30","action":"connector.tested","user":{"id":1,"name":"Vishesh"},"context":{"connector":"meta","result":"ok"}}
{"timestamp":"2025-11-11T09:26:26+05:30","action":"creative.image","user":{"id":1,"name":"Vishesh"},"context":{"preset":"google-landscape"}}
{"timestamp":"2025-11-11T09:27:20+05:30","action":"notifications.updated","user":{"id":1,"name":"Vishesh"},"context":[]}
{"timestamp":"2025-11-11T09:27:48+05:30","action":"settings.updated","user":{"id":1,"name":"Vishesh"},"context":{"keys":["integrations"]}}
{"timestamp":"2025-11-11T09:27:56+05:30","action":"settings.updated","user":{"id":1,"name":"Vishesh"},"context":{"keys":["integrations"]}}
{"timestamp":"2025-11-11T09:28:04+05:30","action":"settings.updated","user":{"id":1,"name":"Vishesh"},"context":{"keys":["integrations"]}}
{"timestamp":"2025-11-11T09:28:18+05:30","action":"settings.updated","user":{"id":1,"name":"Vishesh"},"context":{"keys":["integrations"]}}
{"timestamp":"2025-11-11T09:28:34+05:30","action":"settings.updated","user":{"id":1,"name":"Vishesh"},"context":{"keys":["businessProfile"]}}
{"timestamp":"2025-11-11T09:28:37+05:30","action":"settings.updated","user":{"id":1,"name":"Vishesh"},"context":{"keys":["businessProfile"]}}
{"timestamp":"2025-11-11T09:28:44+05:30","action":"settings.updated","user":{"id":1,"name":"Vishesh"},"context":{"keys":["businessProfile"]}}
{"timestamp":"2025-11-11T09:28:58+05:30","action":"settings.updated","user":{"id":1,"name":"Vishesh"},"context":{"keys":["budget"]}}
{"timestamp":"2025-11-11T09:29:00+05:30","action":"settings.updated","user":{"id":1,"name":"Vishesh"},"context":{"keys":["budget"]}}
{"timestamp":"2025-11-11T09:30:17+05:30","action":"connector.connected","user":{"id":1,"name":"Vishesh"},"context":{"connector":"whatsapp"}}
{"timestamp":"2025-11-11T09:30:22+05:30","action":"connector.tested","user":{"id":1,"name":"Vishesh"},"context":{"connector":"whatsapp","result":"ok"}}
{"timestamp":"2025-11-11T09:30:36+05:30","action":"connector.tested","user":{"id":1,"name":"Vishesh"},"context":{"connector":"email","result":"ok"}}
{"timestamp":"2025-11-11T09:30:55+05:30","action":"connector.tested","user":{"id":1,"name":"Vishesh"},"context":{"connector":"email","result":"ok"}}
{"timestamp":"2025-11-11T09:30:57+05:30","action":"connector.connected","user":{"id":1,"name":"Vishesh"},"context":{"connector":"email"}}
{"timestamp":"2025-11-11T09:31:09+05:30","action":"connector.tested","user":{"id":1,"name":"Vishesh"},"context":{"connector":"youtube","result":"ok"}}
{"timestamp":"2025-11-11T09:31:11+05:30","action":"connector.connected","user":{"id":1,"name":"Vishesh"},"context":{"connector":"youtube"}}
{"timestamp":"2025-11-11T09:31:24+05:30","action":"connector.tested","user":{"id":1,"name":"Vishesh"},"context":{"connector":"youtube","result":"ok"}}
{"timestamp":"2025-11-11T18:16:00+05:30","action":"creative.text","user":{"id":1,"name":"Vishesh"},"context":{"category":"Ad headlines"}}
{"timestamp":"2025-11-11T18:16:30+05:30","action":"creative.image","user":{"id":1,"name":"Vishesh"},"context":{"preset":"meta-square"}}
{"timestamp":"2025-11-11T18:19:19+05:30","action":"settings.section_saved","user":{"id":1,"name":"Vishesh"},"context":{"section":"integrations","fields":["channels.googleAds.status","channels.googleAds.connectedAt","channels.googleAds.lastTested","channels.googleAds.lastTestResult","lastUpdatedAt","lastUpdatedBy"]}}
{"timestamp":"2025-11-11T18:19:23+05:30","action":"settings.section_saved","user":{"id":1,"name":"Vishesh"},"context":{"section":"integrations","fields":["channels.googleAds.lastTested","lastUpdatedAt"]}}
{"timestamp":"2025-11-11T18:19:53+05:30","action":"settings.section_saved","user":{"id":1,"name":"Vishesh"},"context":{"section":"integrations","fields":["channels.meta.status","channels.meta.connectedAt","channels.meta.lastTested","channels.meta.lastTestResult","lastUpdatedAt"]}}
{"timestamp":"2025-11-11T18:20:00+05:30","action":"settings.section_saved","user":{"id":1,"name":"Vishesh"},"context":{"section":"integrations","fields":["channels.meta.lastTested","lastUpdatedAt"]}}
{"timestamp":"2025-11-12T09:34:40+05:30","action":"settings.section_saved","user":{"id":1,"name":"Vishesh"},"context":{"section":"budget","fields":["dailyBudget","monthlyCap","lastUpdatedAt","lastUpdatedBy"]}}
